<?xml version="1.0" encoding="UTF-8"?>
<testsuite xmlns:xsi="http://www.w3.org/2001/XMLSchema-instance" xsi:noNamespaceSchemaLocation="https://maven.apache.org/surefire/maven-failsafe-plugin/xsd/failsafe-test-report.xsd" name="com.yugabyte.cdcsdk.testing.PostgresSinkConsumerIT" time="63.537" tests="2" errors="0" skipped="0" failures="0">
  <properties>
[...]
</properties>
  <testcase name="verifyRecordsInPostgresFromKafka" classname="com.yugabyte.cdcsdk.testing.PostgresSinkConsumerIT" time="0.82"/>
  <testcase name="verifyRecordsInKafka" classname="com.yugabyte.cdcsdk.testing.PostgresSinkConsumerIT" time="0.984"/>
</testsuite>